2025-11-10T21:46:13.172117+1100 INFO Calling function 'pipeline_calculate_kpi_sales_consolidate' with args ('data', ['csv', 'parquet']) and kwargs {} log.py
2025-11-10T21:46:13.172117+1100 INFO Calling function 'extract_data_and_consolidate' with args ('data',) and kwargs {} log.py
2025-11-10T21:46:13.212084+1100 INFO Function 'extract_data_and_consolidate' ran in 0.0400 seconds timer_decorator.py
2025-11-10T21:46:13.218286+1100 INFO Function 'extract_data_and_consolidate' returned             Product   Category  Quantity  Sold       Date
0    Notebook Gamer  Eletronic         3  1500 2023-01-15
1    Wireless Mouse  Eletronic        10    30 2023-01-15
2  Mecanic Keyboard  Eletronic         5   100 2023-01-15
3    Notebook Gamer  Eletronic         7  1500 2023-01-16
4    Wireless Mouse  Eletronic        10    30 2023-01-16
5  Mecanic Keyboard  Eletronic         3   100 2023-01-16
6    Notebook Gamer  Eletronic         2  1500 2023-01-17
7    Wireless Mouse  Eletronic        14    30 2023-01-17
8  Mecanic Keyboard  Eletronic         2   100 2023-01-17 log.py
2025-11-10T21:46:13.221941+1100 INFO Calling function 'calculate_kpi_total_sales' with args (            Product   Category  Quantity  Sold       Date
0    Notebook Gamer  Eletronic         3  1500 2023-01-15
1    Wireless Mouse  Eletronic        10    30 2023-01-15
2  Mecanic Keyboard  Eletronic         5   100 2023-01-15
3    Notebook Gamer  Eletronic         7  1500 2023-01-16
4    Wireless Mouse  Eletronic        10    30 2023-01-16
5  Mecanic Keyboard  Eletronic         3   100 2023-01-16
6    Notebook Gamer  Eletronic         2  1500 2023-01-17
7    Wireless Mouse  Eletronic        14    30 2023-01-17
8  Mecanic Keyboard  Eletronic         2   100 2023-01-17,) and kwargs {} log.py
2025-11-10T21:46:13.222566+1100 INFO Function 'calculate_kpi_total_sales' ran in 0.0000 seconds timer_decorator.py
2025-11-10T21:46:13.225660+1100 INFO Function 'calculate_kpi_total_sales' returned             Product   Category  Quantity  Sold       Date  Total
0    Notebook Gamer  Eletronic         3  1500 2023-01-15   4500
1    Wireless Mouse  Eletronic        10    30 2023-01-15    300
2  Mecanic Keyboard  Eletronic         5   100 2023-01-15    500
3    Notebook Gamer  Eletronic         7  1500 2023-01-16  10500
4    Wireless Mouse  Eletronic        10    30 2023-01-16    300
5  Mecanic Keyboard  Eletronic         3   100 2023-01-16    300
6    Notebook Gamer  Eletronic         2  1500 2023-01-17   3000
7    Wireless Mouse  Eletronic        14    30 2023-01-17    420
8  Mecanic Keyboard  Eletronic         2   100 2023-01-17    200 log.py
2025-11-10T21:46:13.229940+1100 INFO Calling function 'load_data' with args (            Product   Category  Quantity  Sold       Date  Total
0    Notebook Gamer  Eletronic         3  1500 2023-01-15   4500
1    Wireless Mouse  Eletronic        10    30 2023-01-15    300
2  Mecanic Keyboard  Eletronic         5   100 2023-01-15    500
3    Notebook Gamer  Eletronic         7  1500 2023-01-16  10500
4    Wireless Mouse  Eletronic        10    30 2023-01-16    300
5  Mecanic Keyboard  Eletronic         3   100 2023-01-16    300
6    Notebook Gamer  Eletronic         2  1500 2023-01-17   3000
7    Wireless Mouse  Eletronic        14    30 2023-01-17    420
8  Mecanic Keyboard  Eletronic         2   100 2023-01-17    200, ['csv', 'parquet']) and kwargs {} log.py
2025-11-10T21:46:13.291349+1100 INFO Function 'load_data' ran in 0.0614 seconds timer_decorator.py
2025-11-10T21:46:13.291349+1100 INFO Function 'load_data' returned None log.py
2025-11-10T21:46:13.291349+1100 INFO Function 'pipeline_calculate_kpi_sales_consolidate' ran in 0.1192 seconds timer_decorator.py
2025-11-10T21:46:13.291349+1100 INFO Function 'pipeline_calculate_kpi_sales_consolidate' returned None log.py
